2020-09-26 23:15:24,040 INFO  [main] Configuration.deprecation (Configuration.java:warnOnceIfDeprecated(1049)) - session.id is deprecated. Instead, use dfs.metrics.session-id
2020-09-26 23:15:24,045 INFO  [main] jvm.JvmMetrics (JvmMetrics.java:init(76)) - Initializing JVM Metrics with processName=JobTracker, sessionId=
2020-09-26 23:15:24,331 WARN  [main] mapreduce.JobSubmitter (JobSubmitter.java:copyAndConfigureFiles(153)) - Hadoop command-line option parsing not performed. Implement the Tool interface and execute your application with ToolRunner to remedy this.
2020-09-26 23:15:24,401 INFO  [main] input.FileInputFormat (FileInputFormat.java:listStatus(281)) - Total input paths to process : 1
2020-09-26 23:15:24,438 INFO  [main] mapreduce.JobSubmitter (JobSubmitter.java:submitJobInternal(494)) - number of splits:1
2020-09-26 23:15:24,625 INFO  [main] mapreduce.JobSubmitter (JobSubmitter.java:printTokens(583)) - Submitting tokens for job: job_local413571995_0001
2020-09-26 23:15:24,959 INFO  [main] mapreduce.Job (Job.java:submit(1300)) - The url to track the job: http://localhost:8080/
2020-09-26 23:15:24,960 INFO  [main] mapreduce.Job (Job.java:monitorAndPrintJob(1345)) - Running job: job_local413571995_0001
2020-09-26 23:15:24,963 INFO  [Thread-3] mapred.LocalJobRunner (LocalJobRunner.java:createOutputCommitter(471)) - OutputCommitter set in config null
2020-09-26 23:15:24,984 INFO  [Thread-3] mapred.LocalJobRunner (LocalJobRunner.java:createOutputCommitter(489)) - OutputCommitter is org.apache.hadoop.mapreduce.lib.output.FileOutputCommitter
2020-09-26 23:15:25,105 INFO  [Thread-3] mapred.LocalJobRunner (LocalJobRunner.java:runTasks(448)) - Waiting for map tasks
2020-09-26 23:15:25,106 INFO  [LocalJobRunner Map Task Executor #0] mapred.LocalJobRunner (LocalJobRunner.java:run(224)) - Starting task: attempt_local413571995_0001_m_000000_0
2020-09-26 23:15:25,218 INFO  [LocalJobRunner Map Task Executor #0] mapred.Task (Task.java:initialize(587)) -  Using ResourceCalculatorProcessTree : [ ]
2020-09-26 23:15:25,223 INFO  [LocalJobRunner Map Task Executor #0] mapred.MapTask (MapTask.java:runNewMapper(753)) - Processing split: file:/home/rxp9170/project1/small-graph.txt:0+165
2020-09-26 23:15:25,401 INFO  [LocalJobRunner Map Task Executor #0] mapred.MapTask (MapTask.java:setEquator(1202)) - (EQUATOR) 0 kvi 26214396(104857584)
2020-09-26 23:15:25,408 INFO  [LocalJobRunner Map Task Executor #0] mapred.MapTask (MapTask.java:init(995)) - mapreduce.task.io.sort.mb: 100
2020-09-26 23:15:25,409 INFO  [LocalJobRunner Map Task Executor #0] mapred.MapTask (MapTask.java:init(996)) - soft limit at 83886080
2020-09-26 23:15:25,409 INFO  [LocalJobRunner Map Task Executor #0] mapred.MapTask (MapTask.java:init(997)) - bufstart = 0; bufvoid = 104857600
2020-09-26 23:15:25,409 INFO  [LocalJobRunner Map Task Executor #0] mapred.MapTask (MapTask.java:init(998)) - kvstart = 26214396; length = 6553600
2020-09-26 23:15:25,415 INFO  [LocalJobRunner Map Task Executor #0] mapred.MapTask (MapTask.java:createSortingCollector(402)) - Map output collector class = org.apache.hadoop.mapred.MapTask$MapOutputBuffer
2020-09-26 23:15:25,500 INFO  [LocalJobRunner Map Task Executor #0] mapred.LocalJobRunner (LocalJobRunner.java:statusUpdate(591)) - 
2020-09-26 23:15:25,500 INFO  [LocalJobRunner Map Task Executor #0] mapred.MapTask (MapTask.java:flush(1457)) - Starting flush of map output
2020-09-26 23:15:25,501 INFO  [LocalJobRunner Map Task Executor #0] mapred.MapTask (MapTask.java:flush(1475)) - Spilling map output
2020-09-26 23:15:25,501 INFO  [LocalJobRunner Map Task Executor #0] mapred.MapTask (MapTask.java:flush(1476)) - bufstart = 0; bufend = 496; bufvoid = 104857600
2020-09-26 23:15:25,502 INFO  [LocalJobRunner Map Task Executor #0] mapred.MapTask (MapTask.java:flush(1478)) - kvstart = 26214396(104857584); kvend = 26214276(104857104); length = 121/6553600
2020-09-26 23:15:25,514 INFO  [LocalJobRunner Map Task Executor #0] mapred.MapTask (MapTask.java:sortAndSpill(1660)) - Finished spill 0
2020-09-26 23:15:25,526 INFO  [LocalJobRunner Map Task Executor #0] mapred.Task (Task.java:done(1001)) - Task:attempt_local413571995_0001_m_000000_0 is done. And is in the process of committing
2020-09-26 23:15:25,539 INFO  [LocalJobRunner Map Task Executor #0] mapred.LocalJobRunner (LocalJobRunner.java:statusUpdate(591)) - map
2020-09-26 23:15:25,539 INFO  [LocalJobRunner Map Task Executor #0] mapred.Task (Task.java:sendDone(1121)) - Task 'attempt_local413571995_0001_m_000000_0' done.
2020-09-26 23:15:25,539 INFO  [LocalJobRunner Map Task Executor #0] mapred.LocalJobRunner (LocalJobRunner.java:run(249)) - Finishing task: attempt_local413571995_0001_m_000000_0
2020-09-26 23:15:25,540 INFO  [Thread-3] mapred.LocalJobRunner (LocalJobRunner.java:runTasks(456)) - map task executor complete.
2020-09-26 23:15:25,542 INFO  [Thread-3] mapred.LocalJobRunner (LocalJobRunner.java:runTasks(448)) - Waiting for reduce tasks
2020-09-26 23:15:25,549 INFO  [pool-3-thread-1] mapred.LocalJobRunner (LocalJobRunner.java:run(302)) - Starting task: attempt_local413571995_0001_r_000000_0
2020-09-26 23:15:25,557 INFO  [pool-3-thread-1] mapred.Task (Task.java:initialize(587)) -  Using ResourceCalculatorProcessTree : [ ]
2020-09-26 23:15:25,560 INFO  [pool-3-thread-1] mapred.ReduceTask (ReduceTask.java:run(362)) - Using ShuffleConsumerPlugin: org.apache.hadoop.mapreduce.task.reduce.Shuffle@773f0dd9
2020-09-26 23:15:25,593 INFO  [pool-3-thread-1] reduce.MergeManagerImpl (MergeManagerImpl.java:<init>(196)) - MergerManager: memoryLimit=709551680, maxSingleShuffleLimit=177387920, mergeThreshold=468304128, ioSortFactor=10, memToMemMergeOutputsThreshold=10
2020-09-26 23:15:25,615 INFO  [EventFetcher for fetching Map Completion Events] reduce.EventFetcher (EventFetcher.java:run(61)) - attempt_local413571995_0001_r_000000_0 Thread started: EventFetcher for fetching Map Completion Events
2020-09-26 23:15:25,714 INFO  [localfetcher#1] reduce.LocalFetcher (LocalFetcher.java:copyMapOutput(141)) - localfetcher#1 about to shuffle output of map attempt_local413571995_0001_m_000000_0 decomp: 560 len: 564 to MEMORY
2020-09-26 23:15:25,722 INFO  [localfetcher#1] reduce.InMemoryMapOutput (InMemoryMapOutput.java:shuffle(100)) - Read 560 bytes from map-output for attempt_local413571995_0001_m_000000_0
2020-09-26 23:15:25,776 INFO  [localfetcher#1] reduce.MergeManagerImpl (MergeManagerImpl.java:closeInMemoryFile(314)) - closeInMemoryFile -> map-output of size: 560, inMemoryMapOutputs.size() -> 1, commitMemory -> 0, usedMemory ->560
2020-09-26 23:15:25,777 INFO  [EventFetcher for fetching Map Completion Events] reduce.EventFetcher (EventFetcher.java:run(76)) - EventFetcher is interrupted.. Returning
2020-09-26 23:15:25,778 INFO  [pool-3-thread-1] mapred.LocalJobRunner (LocalJobRunner.java:statusUpdate(591)) - 1 / 1 copied.
2020-09-26 23:15:25,778 INFO  [pool-3-thread-1] reduce.MergeManagerImpl (MergeManagerImpl.java:finalMerge(674)) - finalMerge called with 1 in-memory map-outputs and 0 on-disk map-outputs
2020-09-26 23:15:25,787 INFO  [pool-3-thread-1] mapred.Merger (Merger.java:merge(597)) - Merging 1 sorted segments
2020-09-26 23:15:25,787 INFO  [pool-3-thread-1] mapred.Merger (Merger.java:merge(696)) - Down to the last merge-pass, with 1 segments left of total size: 550 bytes
2020-09-26 23:15:25,790 INFO  [pool-3-thread-1] reduce.MergeManagerImpl (MergeManagerImpl.java:finalMerge(751)) - Merged 1 segments, 560 bytes to disk to satisfy reduce memory limit
2020-09-26 23:15:25,790 INFO  [pool-3-thread-1] reduce.MergeManagerImpl (MergeManagerImpl.java:finalMerge(781)) - Merging 1 files, 564 bytes from disk
2020-09-26 23:15:25,791 INFO  [pool-3-thread-1] reduce.MergeManagerImpl (MergeManagerImpl.java:finalMerge(796)) - Merging 0 segments, 0 bytes from memory into reduce
2020-09-26 23:15:25,792 INFO  [pool-3-thread-1] mapred.Merger (Merger.java:merge(597)) - Merging 1 sorted segments
2020-09-26 23:15:25,800 INFO  [pool-3-thread-1] mapred.Merger (Merger.java:merge(696)) - Down to the last merge-pass, with 1 segments left of total size: 550 bytes
2020-09-26 23:15:25,802 INFO  [pool-3-thread-1] mapred.LocalJobRunner (LocalJobRunner.java:statusUpdate(591)) - 1 / 1 copied.
2020-09-26 23:15:25,815 INFO  [pool-3-thread-1] Configuration.deprecation (Configuration.java:warnOnceIfDeprecated(1049)) - mapred.skip.on is deprecated. Instead, use mapreduce.job.skiprecords
2020-09-26 23:15:25,842 INFO  [pool-3-thread-1] mapred.Task (Task.java:done(1001)) - Task:attempt_local413571995_0001_r_000000_0 is done. And is in the process of committing
2020-09-26 23:15:25,843 INFO  [pool-3-thread-1] mapred.LocalJobRunner (LocalJobRunner.java:statusUpdate(591)) - 1 / 1 copied.
2020-09-26 23:15:25,844 INFO  [pool-3-thread-1] mapred.Task (Task.java:commit(1162)) - Task attempt_local413571995_0001_r_000000_0 is allowed to commit now
2020-09-26 23:15:25,847 INFO  [pool-3-thread-1] output.FileOutputCommitter (FileOutputCommitter.java:commitTask(439)) - Saved output of task 'attempt_local413571995_0001_r_000000_0' to file:/home/rxp9170/project1/temp/_temporary/0/task_local413571995_0001_r_000000
2020-09-26 23:15:25,848 INFO  [pool-3-thread-1] mapred.LocalJobRunner (LocalJobRunner.java:statusUpdate(591)) - reduce > reduce
2020-09-26 23:15:25,848 INFO  [pool-3-thread-1] mapred.Task (Task.java:sendDone(1121)) - Task 'attempt_local413571995_0001_r_000000_0' done.
2020-09-26 23:15:25,848 INFO  [pool-3-thread-1] mapred.LocalJobRunner (LocalJobRunner.java:run(325)) - Finishing task: attempt_local413571995_0001_r_000000_0
2020-09-26 23:15:25,848 INFO  [Thread-3] mapred.LocalJobRunner (LocalJobRunner.java:runTasks(456)) - reduce task executor complete.
2020-09-26 23:15:25,962 INFO  [main] mapreduce.Job (Job.java:monitorAndPrintJob(1366)) - Job job_local413571995_0001 running in uber mode : false
2020-09-26 23:15:25,964 INFO  [main] mapreduce.Job (Job.java:monitorAndPrintJob(1373)) -  map 100% reduce 100%
2020-09-26 23:15:25,965 INFO  [main] mapreduce.Job (Job.java:monitorAndPrintJob(1384)) - Job job_local413571995_0001 completed successfully
2020-09-26 23:15:25,979 INFO  [main] mapreduce.Job (Job.java:monitorAndPrintJob(1391)) - Counters: 33
	File System Counters
		FILE: Number of bytes read=10940
		FILE: Number of bytes written=517884
		FILE: Number of read operations=0
		FILE: Number of large read operations=0
		FILE: Number of write operations=0
	Map-Reduce Framework
		Map input records=31
		Map output records=31
		Map output bytes=496
		Map output materialized bytes=564
		Input split bytes=108
		Combine input records=0
		Combine output records=0
		Reduce input groups=8
		Reduce shuffle bytes=564
		Reduce input records=31
		Reduce output records=8
		Spilled Records=62
		Shuffled Maps =1
		Failed Shuffles=0
		Merged Map outputs=1
		GC time elapsed (ms)=24
		CPU time spent (ms)=0
		Physical memory (bytes) snapshot=0
		Virtual memory (bytes) snapshot=0
		Total committed heap usage (bytes)=372252672
	Shuffle Errors
		BAD_ID=0
		CONNECTION=0
		IO_ERROR=0
		WRONG_LENGTH=0
		WRONG_MAP=0
		WRONG_REDUCE=0
	File Input Format Counters 
		Bytes Read=165
	File Output Format Counters 
		Bytes Written=50
2020-09-26 23:15:26,043 INFO  [main] jvm.JvmMetrics (JvmMetrics.java:init(71)) - Cannot initialize JVM Metrics with processName=JobTracker, sessionId= - already initialized
2020-09-26 23:15:26,045 WARN  [main] mapreduce.JobSubmitter (JobSubmitter.java:copyAndConfigureFiles(153)) - Hadoop command-line option parsing not performed. Implement the Tool interface and execute your application with ToolRunner to remedy this.
2020-09-26 23:15:26,103 INFO  [main] input.FileInputFormat (FileInputFormat.java:listStatus(281)) - Total input paths to process : 1
2020-09-26 23:15:26,105 INFO  [main] mapreduce.JobSubmitter (JobSubmitter.java:submitJobInternal(494)) - number of splits:1
2020-09-26 23:15:26,114 INFO  [main] mapreduce.JobSubmitter (JobSubmitter.java:printTokens(583)) - Submitting tokens for job: job_local1738425162_0002
2020-09-26 23:15:26,302 INFO  [main] mapreduce.Job (Job.java:submit(1300)) - The url to track the job: http://localhost:8080/
2020-09-26 23:15:26,302 INFO  [main] mapreduce.Job (Job.java:monitorAndPrintJob(1345)) - Running job: job_local1738425162_0002
2020-09-26 23:15:26,302 INFO  [Thread-14] mapred.LocalJobRunner (LocalJobRunner.java:createOutputCommitter(471)) - OutputCommitter set in config null
2020-09-26 23:15:26,303 INFO  [Thread-14] mapred.LocalJobRunner (LocalJobRunner.java:createOutputCommitter(489)) - OutputCommitter is org.apache.hadoop.mapreduce.lib.output.FileOutputCommitter
2020-09-26 23:15:26,321 INFO  [Thread-14] mapred.LocalJobRunner (LocalJobRunner.java:runTasks(448)) - Waiting for map tasks
2020-09-26 23:15:26,321 INFO  [LocalJobRunner Map Task Executor #0] mapred.LocalJobRunner (LocalJobRunner.java:run(224)) - Starting task: attempt_local1738425162_0002_m_000000_0
2020-09-26 23:15:26,336 INFO  [LocalJobRunner Map Task Executor #0] mapred.Task (Task.java:initialize(587)) -  Using ResourceCalculatorProcessTree : [ ]
2020-09-26 23:15:26,337 INFO  [LocalJobRunner Map Task Executor #0] mapred.MapTask (MapTask.java:runNewMapper(753)) - Processing split: file:/home/rxp9170/project1/temp/part-r-00000:0+38
2020-09-26 23:15:26,416 INFO  [LocalJobRunner Map Task Executor #0] mapred.MapTask (MapTask.java:setEquator(1202)) - (EQUATOR) 0 kvi 26214396(104857584)
2020-09-26 23:15:26,416 INFO  [LocalJobRunner Map Task Executor #0] mapred.MapTask (MapTask.java:init(995)) - mapreduce.task.io.sort.mb: 100
2020-09-26 23:15:26,417 INFO  [LocalJobRunner Map Task Executor #0] mapred.MapTask (MapTask.java:init(996)) - soft limit at 83886080
2020-09-26 23:15:26,417 INFO  [LocalJobRunner Map Task Executor #0] mapred.MapTask (MapTask.java:init(997)) - bufstart = 0; bufvoid = 104857600
2020-09-26 23:15:26,417 INFO  [LocalJobRunner Map Task Executor #0] mapred.MapTask (MapTask.java:init(998)) - kvstart = 26214396; length = 6553600
2020-09-26 23:15:26,432 INFO  [LocalJobRunner Map Task Executor #0] mapred.MapTask (MapTask.java:createSortingCollector(402)) - Map output collector class = org.apache.hadoop.mapred.MapTask$MapOutputBuffer
2020-09-26 23:15:26,441 INFO  [LocalJobRunner Map Task Executor #0] mapred.LocalJobRunner (LocalJobRunner.java:statusUpdate(591)) - 
2020-09-26 23:15:26,446 INFO  [LocalJobRunner Map Task Executor #0] mapred.MapTask (MapTask.java:flush(1457)) - Starting flush of map output
2020-09-26 23:15:26,447 INFO  [LocalJobRunner Map Task Executor #0] mapred.MapTask (MapTask.java:flush(1475)) - Spilling map output
2020-09-26 23:15:26,447 INFO  [LocalJobRunner Map Task Executor #0] mapred.MapTask (MapTask.java:flush(1476)) - bufstart = 0; bufend = 128; bufvoid = 104857600
2020-09-26 23:15:26,447 INFO  [LocalJobRunner Map Task Executor #0] mapred.MapTask (MapTask.java:flush(1478)) - kvstart = 26214396(104857584); kvend = 26214368(104857472); length = 29/6553600
2020-09-26 23:15:26,448 INFO  [LocalJobRunner Map Task Executor #0] mapred.MapTask (MapTask.java:sortAndSpill(1660)) - Finished spill 0
2020-09-26 23:15:26,450 INFO  [LocalJobRunner Map Task Executor #0] mapred.Task (Task.java:done(1001)) - Task:attempt_local1738425162_0002_m_000000_0 is done. And is in the process of committing
2020-09-26 23:15:26,453 INFO  [LocalJobRunner Map Task Executor #0] mapred.LocalJobRunner (LocalJobRunner.java:statusUpdate(591)) - map
2020-09-26 23:15:26,454 INFO  [LocalJobRunner Map Task Executor #0] mapred.Task (Task.java:sendDone(1121)) - Task 'attempt_local1738425162_0002_m_000000_0' done.
2020-09-26 23:15:26,454 INFO  [LocalJobRunner Map Task Executor #0] mapred.LocalJobRunner (LocalJobRunner.java:run(249)) - Finishing task: attempt_local1738425162_0002_m_000000_0
2020-09-26 23:15:26,455 INFO  [Thread-14] mapred.LocalJobRunner (LocalJobRunner.java:runTasks(456)) - map task executor complete.
2020-09-26 23:15:26,469 INFO  [Thread-14] mapred.LocalJobRunner (LocalJobRunner.java:runTasks(448)) - Waiting for reduce tasks
2020-09-26 23:15:26,469 INFO  [pool-8-thread-1] mapred.LocalJobRunner (LocalJobRunner.java:run(302)) - Starting task: attempt_local1738425162_0002_r_000000_0
2020-09-26 23:15:26,484 INFO  [pool-8-thread-1] mapred.Task (Task.java:initialize(587)) -  Using ResourceCalculatorProcessTree : [ ]
2020-09-26 23:15:26,484 INFO  [pool-8-thread-1] mapred.ReduceTask (ReduceTask.java:run(362)) - Using ShuffleConsumerPlugin: org.apache.hadoop.mapreduce.task.reduce.Shuffle@65a7e444
2020-09-26 23:15:26,485 INFO  [pool-8-thread-1] reduce.MergeManagerImpl (MergeManagerImpl.java:<init>(196)) - MergerManager: memoryLimit=709551680, maxSingleShuffleLimit=177387920, mergeThreshold=468304128, ioSortFactor=10, memToMemMergeOutputsThreshold=10
2020-09-26 23:15:26,509 INFO  [EventFetcher for fetching Map Completion Events] reduce.EventFetcher (EventFetcher.java:run(61)) - attempt_local1738425162_0002_r_000000_0 Thread started: EventFetcher for fetching Map Completion Events
2020-09-26 23:15:26,513 INFO  [localfetcher#2] reduce.LocalFetcher (LocalFetcher.java:copyMapOutput(141)) - localfetcher#2 about to shuffle output of map attempt_local1738425162_0002_m_000000_0 decomp: 146 len: 150 to MEMORY
2020-09-26 23:15:26,527 INFO  [localfetcher#2] reduce.InMemoryMapOutput (InMemoryMapOutput.java:shuffle(100)) - Read 146 bytes from map-output for attempt_local1738425162_0002_m_000000_0
2020-09-26 23:15:26,527 INFO  [localfetcher#2] reduce.MergeManagerImpl (MergeManagerImpl.java:closeInMemoryFile(314)) - closeInMemoryFile -> map-output of size: 146, inMemoryMapOutputs.size() -> 1, commitMemory -> 0, usedMemory ->146
2020-09-26 23:15:26,536 INFO  [EventFetcher for fetching Map Completion Events] reduce.EventFetcher (EventFetcher.java:run(76)) - EventFetcher is interrupted.. Returning
2020-09-26 23:15:26,537 INFO  [pool-8-thread-1] mapred.LocalJobRunner (LocalJobRunner.java:statusUpdate(591)) - 1 / 1 copied.
2020-09-26 23:15:26,537 INFO  [pool-8-thread-1] reduce.MergeManagerImpl (MergeManagerImpl.java:finalMerge(674)) - finalMerge called with 1 in-memory map-outputs and 0 on-disk map-outputs
2020-09-26 23:15:26,538 INFO  [pool-8-thread-1] mapred.Merger (Merger.java:merge(597)) - Merging 1 sorted segments
2020-09-26 23:15:26,538 INFO  [pool-8-thread-1] mapred.Merger (Merger.java:merge(696)) - Down to the last merge-pass, with 1 segments left of total size: 136 bytes
2020-09-26 23:15:26,541 INFO  [pool-8-thread-1] reduce.MergeManagerImpl (MergeManagerImpl.java:finalMerge(751)) - Merged 1 segments, 146 bytes to disk to satisfy reduce memory limit
2020-09-26 23:15:26,541 INFO  [pool-8-thread-1] reduce.MergeManagerImpl (MergeManagerImpl.java:finalMerge(781)) - Merging 1 files, 150 bytes from disk
2020-09-26 23:15:26,541 INFO  [pool-8-thread-1] reduce.MergeManagerImpl (MergeManagerImpl.java:finalMerge(796)) - Merging 0 segments, 0 bytes from memory into reduce
2020-09-26 23:15:26,541 INFO  [pool-8-thread-1] mapred.Merger (Merger.java:merge(597)) - Merging 1 sorted segments
2020-09-26 23:15:26,556 INFO  [pool-8-thread-1] mapred.Merger (Merger.java:merge(696)) - Down to the last merge-pass, with 1 segments left of total size: 136 bytes
2020-09-26 23:15:26,556 INFO  [pool-8-thread-1] mapred.LocalJobRunner (LocalJobRunner.java:statusUpdate(591)) - 1 / 1 copied.
2020-09-26 23:15:26,561 WARN  [Readahead Thread #2] io.ReadaheadPool (ReadaheadPool.java:run(214)) - Failed readahead on ifile
EBADF: Bad file descriptor
	at org.apache.hadoop.io.nativeio.NativeIO$POSIX.posix_fadvise(Native Method)
	at org.apache.hadoop.io.nativeio.NativeIO$POSIX.posixFadviseIfPossible(NativeIO.java:267)
	at org.apache.hadoop.io.nativeio.NativeIO$POSIX$CacheManipulator.posixFadviseIfPossible(NativeIO.java:146)
	at org.apache.hadoop.io.ReadaheadPool$ReadaheadRequestImpl.run(ReadaheadPool.java:206)
	at java.util.concurrent.ThreadPoolExecutor.runWorker(ThreadPoolExecutor.java:1149)
	at java.util.concurrent.ThreadPoolExecutor$Worker.run(ThreadPoolExecutor.java:624)
	at java.lang.Thread.run(Thread.java:748)
2020-09-26 23:15:26,570 INFO  [pool-8-thread-1] mapred.Task (Task.java:done(1001)) - Task:attempt_local1738425162_0002_r_000000_0 is done. And is in the process of committing
2020-09-26 23:15:26,573 INFO  [pool-8-thread-1] mapred.LocalJobRunner (LocalJobRunner.java:statusUpdate(591)) - 1 / 1 copied.
2020-09-26 23:15:26,573 INFO  [pool-8-thread-1] mapred.Task (Task.java:commit(1162)) - Task attempt_local1738425162_0002_r_000000_0 is allowed to commit now
2020-09-26 23:15:26,577 INFO  [pool-8-thread-1] output.FileOutputCommitter (FileOutputCommitter.java:commitTask(439)) - Saved output of task 'attempt_local1738425162_0002_r_000000_0' to file:/home/rxp9170/project1/output/_temporary/0/task_local1738425162_0002_r_000000
2020-09-26 23:15:26,578 INFO  [pool-8-thread-1] mapred.LocalJobRunner (LocalJobRunner.java:statusUpdate(591)) - reduce > reduce
2020-09-26 23:15:26,578 INFO  [pool-8-thread-1] mapred.Task (Task.java:sendDone(1121)) - Task 'attempt_local1738425162_0002_r_000000_0' done.
2020-09-26 23:15:26,578 INFO  [pool-8-thread-1] mapred.LocalJobRunner (LocalJobRunner.java:run(325)) - Finishing task: attempt_local1738425162_0002_r_000000_0
2020-09-26 23:15:26,579 INFO  [Thread-14] mapred.LocalJobRunner (LocalJobRunner.java:runTasks(456)) - reduce task executor complete.
2020-09-26 23:15:27,302 INFO  [main] mapreduce.Job (Job.java:monitorAndPrintJob(1366)) - Job job_local1738425162_0002 running in uber mode : false
2020-09-26 23:15:27,303 INFO  [main] mapreduce.Job (Job.java:monitorAndPrintJob(1373)) -  map 100% reduce 100%
2020-09-26 23:15:27,303 INFO  [main] mapreduce.Job (Job.java:monitorAndPrintJob(1384)) - Job job_local1738425162_0002 completed successfully
2020-09-26 23:15:27,312 INFO  [main] mapreduce.Job (Job.java:monitorAndPrintJob(1391)) - Counters: 33
	File System Counters
		FILE: Number of bytes read=22000
		FILE: Number of bytes written=1037824
		FILE: Number of read operations=0
		FILE: Number of large read operations=0
		FILE: Number of write operations=0
	Map-Reduce Framework
		Map input records=8
		Map output records=8
		Map output bytes=128
		Map output materialized bytes=150
		Input split bytes=110
		Combine input records=0
		Combine output records=0
		Reduce input groups=5
		Reduce shuffle bytes=150
		Reduce input records=8
		Reduce output records=5
		Spilled Records=16
		Shuffled Maps =1
		Failed Shuffles=0
		Merged Map outputs=1
		GC time elapsed (ms)=39
		CPU time spent (ms)=0
		Physical memory (bytes) snapshot=0
		Virtual memory (bytes) snapshot=0
		Total committed heap usage (bytes)=466624512
	Shuffle Errors
		BAD_ID=0
		CONNECTION=0
		IO_ERROR=0
		WRONG_LENGTH=0
		WRONG_MAP=0
		WRONG_REDUCE=0
	File Input Format Counters 
		Bytes Read=58
	File Output Format Counters 
		Bytes Written=32
