myHadoop: Setting MH_IPOIB_TRANSFORM='s/\([^.]*\).*$/\1.ibnet/' from myhadoop.conf
myHadoop: Setting MH_SCRATCH_DIR=/scratch/$USER/$SLURM_JOBID from myhadoop.conf
myHadoop: Using HADOOP_HOME=/opt/hadoop/2.6.0
myHadoop: Using MH_SCRATCH_DIR=/scratch/rxp9170/36122357
myHadoop: Using JAVA_HOME=/lib/jvm/java
myHadoop: Generating Hadoop configuration in directory in /home/rxp9170/cometcluster...
myHadoop: Backing up old config dir to /home/rxp9170/cometcluster.0...
‘/home/rxp9170/cometcluster’ -> ‘/home/rxp9170/cometcluster.0’
myHadoop: Designating comet-14-02.ibnet as master node (namenode, secondary namenode, and jobtracker)
myHadoop: The following nodes will be slaves (datanode, tasktracer):
comet-14-02.ibnet
comet-14-03.ibnet
20/09/26 23:19:10 INFO namenode.NameNode: STARTUP_MSG: 
/************************************************************
STARTUP_MSG: Starting NameNode
STARTUP_MSG:   host = comet-14-02.sdsc.edu/198.202.114.231
STARTUP_MSG:   args = [-format]
STARTUP_MSG:   version = 2.6.0
STARTUP_MSG:   classpath = /home/rxp9170/cometcluster:/opt/hadoop/2.6.0/share/hadoop/common/lib/commons-compress-1.4.1.jar:/opt/hadoop/2.6.0/share/hadoop/common/lib/commons-configuration-1.6.jar:/opt/hadoop/2.6.0/share/hadoop/common/lib/commons-cli-1.2.jar:/opt/hadoop/2.6.0/share/hadoop/common/lib/snappy-java-1.0.4.1.jar:/opt/hadoop/2.6.0/share/hadoop/common/lib/jetty-6.1.26.jar:/opt/hadoop/2.6.0/share/hadoop/common/lib/activation-1.1.jar:/opt/hadoop/2.6.0/share/hadoop/common/lib/commons-beanutils-core-1.8.0.jar:/opt/hadoop/2.6.0/share/hadoop/common/lib/hadoop-annotations-2.6.0.jar:/opt/hadoop/2.6.0/share/hadoop/common/lib/jersey-core-1.9.jar:/opt/hadoop/2.6.0/share/hadoop/common/lib/slf4j-log4j12-1.7.5.jar:/opt/hadoop/2.6.0/share/hadoop/common/lib/commons-net-3.1.jar:/opt/hadoop/2.6.0/share/hadoop/common/lib/httpclient-4.2.5.jar:/opt/hadoop/2.6.0/share/hadoop/common/lib/jersey-server-1.9.jar:/opt/hadoop/2.6.0/share/hadoop/common/lib/jackson-core-asl-1.9.13.jar:/opt/hadoop/2.6.0/share/hadoop/common/lib/gson-2.2.4.jar:/opt/hadoop/2.6.0/share/hadoop/common/lib/servlet-api-2.5.jar:/opt/hadoop/2.6.0/share/hadoop/common/lib/hamcrest-core-1.3.jar:/opt/hadoop/2.6.0/share/hadoop/common/lib/commons-beanutils-1.7.0.jar:/opt/hadoop/2.6.0/share/hadoop/common/lib/jettison-1.1.jar:/opt/hadoop/2.6.0/share/hadoop/common/lib/jersey-json-1.9.jar:/opt/hadoop/2.6.0/share/hadoop/common/lib/guava-11.0.2.jar:/opt/hadoop/2.6.0/share/hadoop/common/lib/commons-el-1.0.jar:/opt/hadoop/2.6.0/share/hadoop/common/lib/jsch-0.1.42.jar:/opt/hadoop/2.6.0/share/hadoop/common/lib/commons-codec-1.4.jar:/opt/hadoop/2.6.0/share/hadoop/common/lib/curator-recipes-2.6.0.jar:/opt/hadoop/2.6.0/share/hadoop/common/lib/jets3t-0.9.0.jar:/opt/hadoop/2.6.0/share/hadoop/common/lib/jackson-xc-1.9.13.jar:/opt/hadoop/2.6.0/share/hadoop/common/lib/commons-lang-2.6.jar:/opt/hadoop/2.6.0/share/hadoop/common/lib/zookeeper-3.4.6.jar:/opt/hadoop/2.6.0/share/hadoop/common/lib/httpcore-4.2.5.jar:/opt/hadoop/2.6.0/share/hadoop/common/lib/jsr305-1.3.9.jar:/opt/hadoop/2.6.0/share/hadoop/common/lib/netty-3.6.2.Final.jar:/opt/hadoop/2.6.0/share/hadoop/common/lib/commons-collections-3.2.1.jar:/opt/hadoop/2.6.0/share/hadoop/common/lib/protobuf-java-2.5.0.jar:/opt/hadoop/2.6.0/share/hadoop/common/lib/mockito-all-1.8.5.jar:/opt/hadoop/2.6.0/share/hadoop/common/lib/api-asn1-api-1.0.0-M20.jar:/opt/hadoop/2.6.0/share/hadoop/common/lib/jaxb-impl-2.2.3-1.jar:/opt/hadoop/2.6.0/share/hadoop/common/lib/commons-logging-1.1.3.jar:/opt/hadoop/2.6.0/share/hadoop/common/lib/jsp-api-2.1.jar:/opt/hadoop/2.6.0/share/hadoop/common/lib/junit-4.11.jar:/opt/hadoop/2.6.0/share/hadoop/common/lib/jasper-compiler-5.5.23.jar:/opt/hadoop/2.6.0/share/hadoop/common/lib/curator-framework-2.6.0.jar:/opt/hadoop/2.6.0/share/hadoop/common/lib/stax-api-1.0-2.jar:/opt/hadoop/2.6.0/share/hadoop/common/lib/commons-math3-3.1.1.jar:/opt/hadoop/2.6.0/share/hadoop/common/lib/jackson-mapper-asl-1.9.13.jar:/opt/hadoop/2.6.0/share/hadoop/common/lib/slf4j-api-1.7.5.jar:/opt/hadoop/2.6.0/share/hadoop/common/lib/paranamer-2.3.jar:/opt/hadoop/2.6.0/share/hadoop/common/lib/api-util-1.0.0-M20.jar:/opt/hadoop/2.6.0/share/hadoop/common/lib/curator-client-2.6.0.jar:/opt/hadoop/2.6.0/share/hadoop/common/lib/java-xmlbuilder-0.4.jar:/opt/hadoop/2.6.0/share/hadoop/common/lib/jaxb-api-2.2.2.jar:/opt/hadoop/2.6.0/share/hadoop/common/lib/log4j-1.2.17.jar:/opt/hadoop/2.6.0/share/hadoop/common/lib/commons-digester-1.8.jar:/opt/hadoop/2.6.0/share/hadoop/common/lib/apacheds-kerberos-codec-2.0.0-M15.jar:/opt/hadoop/2.6.0/share/hadoop/common/lib/jackson-jaxrs-1.9.13.jar:/opt/hadoop/2.6.0/share/hadoop/common/lib/commons-httpclient-3.1.jar:/opt/hadoop/2.6.0/share/hadoop/common/lib/jetty-util-6.1.26.jar:/opt/hadoop/2.6.0/share/hadoop/common/lib/xmlenc-0.52.jar:/opt/hadoop/2.6.0/share/hadoop/common/lib/avro-1.7.4.jar:/opt/hadoop/2.6.0/share/hadoop/common/lib/xz-1.0.jar:/opt/hadoop/2.6.0/share/hadoop/common/lib/asm-3.2.jar:/opt/hadoop/2.6.0/share/hadoop/common/lib/htrace-core-3.0.4.jar:/opt/hadoop/2.6.0/share/hadoop/common/lib/commons-io-2.4.jar:/opt/hadoop/2.6.0/share/hadoop/common/lib/hadoop-auth-2.6.0.jar:/opt/hadoop/2.6.0/share/hadoop/common/lib/jasper-runtime-5.5.23.jar:/opt/hadoop/2.6.0/share/hadoop/common/lib/apacheds-i18n-2.0.0-M15.jar:/opt/hadoop/2.6.0/share/hadoop/common/hadoop-common-2.6.0.jar:/opt/hadoop/2.6.0/share/hadoop/common/hadoop-common-2.6.0-tests.jar:/opt/hadoop/2.6.0/share/hadoop/common/hadoop-nfs-2.6.0.jar:/opt/hadoop/2.6.0/share/hadoop/hdfs:/opt/hadoop/2.6.0/share/hadoop/hdfs/lib/commons-cli-1.2.jar:/opt/hadoop/2.6.0/share/hadoop/hdfs/lib/jetty-6.1.26.jar:/opt/hadoop/2.6.0/share/hadoop/hdfs/lib/jersey-core-1.9.jar:/opt/hadoop/2.6.0/share/hadoop/hdfs/lib/commons-daemon-1.0.13.jar:/opt/hadoop/2.6.0/share/hadoop/hdfs/lib/jersey-server-1.9.jar:/opt/hadoop/2.6.0/share/hadoop/hdfs/lib/jackson-core-asl-1.9.13.jar:/opt/hadoop/2.6.0/share/hadoop/hdfs/lib/servlet-api-2.5.jar:/opt/hadoop/2.6.0/share/hadoop/hdfs/lib/guava-11.0.2.jar:/opt/hadoop/2.6.0/share/hadoop/hdfs/lib/commons-el-1.0.jar:/opt/hadoop/2.6.0/share/hadoop/hdfs/lib/xml-apis-1.3.04.jar:/opt/hadoop/2.6.0/share/hadoop/hdfs/lib/commons-codec-1.4.jar:/opt/hadoop/2.6.0/share/hadoop/hdfs/lib/xercesImpl-2.9.1.jar:/opt/hadoop/2.6.0/share/hadoop/hdfs/lib/commons-lang-2.6.jar:/opt/hadoop/2.6.0/share/hadoop/hdfs/lib/jsr305-1.3.9.jar:/opt/hadoop/2.6.0/share/hadoop/hdfs/lib/netty-3.6.2.Final.jar:/opt/hadoop/2.6.0/share/hadoop/hdfs/lib/protobuf-java-2.5.0.jar:/opt/hadoop/2.6.0/share/hadoop/hdfs/lib/commons-logging-1.1.3.jar:/opt/hadoop/2.6.0/share/hadoop/hdfs/lib/jsp-api-2.1.jar:/opt/hadoop/2.6.0/share/hadoop/hdfs/lib/jackson-mapper-asl-1.9.13.jar:/opt/hadoop/2.6.0/share/hadoop/hdfs/lib/log4j-1.2.17.jar:/opt/hadoop/2.6.0/share/hadoop/hdfs/lib/jetty-util-6.1.26.jar:/opt/hadoop/2.6.0/share/hadoop/hdfs/lib/xmlenc-0.52.jar:/opt/hadoop/2.6.0/share/hadoop/hdfs/lib/asm-3.2.jar:/opt/hadoop/2.6.0/share/hadoop/hdfs/lib/htrace-core-3.0.4.jar:/opt/hadoop/2.6.0/share/hadoop/hdfs/lib/commons-io-2.4.jar:/opt/hadoop/2.6.0/share/hadoop/hdfs/lib/jasper-runtime-5.5.23.jar:/opt/hadoop/2.6.0/share/hadoop/hdfs/hadoop-hdfs-nfs-2.6.0.jar:/opt/hadoop/2.6.0/share/hadoop/hdfs/hadoop-hdfs-2.6.0-tests.jar:/opt/hadoop/2.6.0/share/hadoop/hdfs/hadoop-hdfs-2.6.0.jar:/opt/hadoop/2.6.0/share/hadoop/yarn/lib/commons-compress-1.4.1.jar:/opt/hadoop/2.6.0/share/hadoop/yarn/lib/aopalliance-1.0.jar:/opt/hadoop/2.6.0/share/hadoop/yarn/lib/commons-cli-1.2.jar:/opt/hadoop/2.6.0/share/hadoop/yarn/lib/jetty-6.1.26.jar:/opt/hadoop/2.6.0/share/hadoop/yarn/lib/activation-1.1.jar:/opt/hadoop/2.6.0/share/hadoop/yarn/lib/jersey-core-1.9.jar:/opt/hadoop/2.6.0/share/hadoop/yarn/lib/jersey-server-1.9.jar:/opt/hadoop/2.6.0/share/hadoop/yarn/lib/jackson-core-asl-1.9.13.jar:/opt/hadoop/2.6.0/share/hadoop/yarn/lib/javax.inject-1.jar:/opt/hadoop/2.6.0/share/hadoop/yarn/lib/servlet-api-2.5.jar:/opt/hadoop/2.6.0/share/hadoop/yarn/lib/jettison-1.1.jar:/opt/hadoop/2.6.0/share/hadoop/yarn/lib/jersey-json-1.9.jar:/opt/hadoop/2.6.0/share/hadoop/yarn/lib/guava-11.0.2.jar:/opt/hadoop/2.6.0/share/hadoop/yarn/lib/guice-servlet-3.0.jar:/opt/hadoop/2.6.0/share/hadoop/yarn/lib/jersey-client-1.9.jar:/opt/hadoop/2.6.0/share/hadoop/yarn/lib/commons-codec-1.4.jar:/opt/hadoop/2.6.0/share/hadoop/yarn/lib/jackson-xc-1.9.13.jar:/opt/hadoop/2.6.0/share/hadoop/yarn/lib/commons-lang-2.6.jar:/opt/hadoop/2.6.0/share/hadoop/yarn/lib/zookeeper-3.4.6.jar:/opt/hadoop/2.6.0/share/hadoop/yarn/lib/jsr305-1.3.9.jar:/opt/hadoop/2.6.0/share/hadoop/yarn/lib/netty-3.6.2.Final.jar:/opt/hadoop/2.6.0/share/hadoop/yarn/lib/commons-collections-3.2.1.jar:/opt/hadoop/2.6.0/share/hadoop/yarn/lib/protobuf-java-2.5.0.jar:/opt/hadoop/2.6.0/share/hadoop/yarn/lib/jaxb-impl-2.2.3-1.jar:/opt/hadoop/2.6.0/share/hadoop/yarn/lib/commons-logging-1.1.3.jar:/opt/hadoop/2.6.0/share/hadoop/yarn/lib/stax-api-1.0-2.jar:/opt/hadoop/2.6.0/share/hadoop/yarn/lib/jackson-mapper-asl-1.9.13.jar:/opt/hadoop/2.6.0/share/hadoop/yarn/lib/leveldbjni-all-1.8.jar:/opt/hadoop/2.6.0/share/hadoop/yarn/lib/jline-0.9.94.jar:/opt/hadoop/2.6.0/share/hadoop/yarn/lib/jaxb-api-2.2.2.jar:/opt/hadoop/2.6.0/share/hadoop/yarn/lib/log4j-1.2.17.jar:/opt/hadoop/2.6.0/share/hadoop/yarn/lib/jackson-jaxrs-1.9.13.jar:/opt/hadoop/2.6.0/share/hadoop/yarn/lib/commons-httpclient-3.1.jar:/opt/hadoop/2.6.0/share/hadoop/yarn/lib/jetty-util-6.1.26.jar:/opt/hadoop/2.6.0/share/hadoop/yarn/lib/xz-1.0.jar:/opt/hadoop/2.6.0/share/hadoop/yarn/lib/asm-3.2.jar:/opt/hadoop/2.6.0/share/hadoop/yarn/lib/guice-3.0.jar:/opt/hadoop/2.6.0/share/hadoop/yarn/lib/commons-io-2.4.jar:/opt/hadoop/2.6.0/share/hadoop/yarn/lib/jersey-guice-1.9.jar:/opt/hadoop/2.6.0/share/hadoop/yarn/hadoop-yarn-registry-2.6.0.jar:/opt/hadoop/2.6.0/share/hadoop/yarn/hadoop-yarn-client-2.6.0.jar:/opt/hadoop/2.6.0/share/hadoop/yarn/hadoop-yarn-server-common-2.6.0.jar:/opt/hadoop/2.6.0/share/hadoop/yarn/hadoop-yarn-server-web-proxy-2.6.0.jar:/opt/hadoop/2.6.0/share/hadoop/yarn/hadoop-yarn-server-tests-2.6.0.jar:/opt/hadoop/2.6.0/share/hadoop/yarn/hadoop-yarn-common-2.6.0.jar:/opt/hadoop/2.6.0/share/hadoop/yarn/hadoop-yarn-api-2.6.0.jar:/opt/hadoop/2.6.0/share/hadoop/yarn/hadoop-yarn-applications-unmanaged-am-launcher-2.6.0.jar:/opt/hadoop/2.6.0/share/hadoop/yarn/hadoop-yarn-server-resourcemanager-2.6.0.jar:/opt/hadoop/2.6.0/share/hadoop/yarn/hadoop-yarn-server-nodemanager-2.6.0.jar:/opt/hadoop/2.6.0/share/hadoop/yarn/hadoop-yarn-server-applicationhistoryservice-2.6.0.jar:/opt/hadoop/2.6.0/share/hadoop/yarn/hadoop-yarn-applications-distributedshell-2.6.0.jar:/opt/hadoop/2.6.0/share/hadoop/mapreduce/lib/commons-compress-1.4.1.jar:/opt/hadoop/2.6.0/share/hadoop/mapreduce/lib/aopalliance-1.0.jar:/opt/hadoop/2.6.0/share/hadoop/mapreduce/lib/snappy-java-1.0.4.1.jar:/opt/hadoop/2.6.0/share/hadoop/mapreduce/lib/hadoop-annotations-2.6.0.jar:/opt/hadoop/2.6.0/share/hadoop/mapreduce/lib/jersey-core-1.9.jar:/opt/hadoop/2.6.0/share/hadoop/mapreduce/lib/jersey-server-1.9.jar:/opt/hadoop/2.6.0/share/hadoop/mapreduce/lib/jackson-core-asl-1.9.13.jar:/opt/hadoop/2.6.0/share/hadoop/mapreduce/lib/javax.inject-1.jar:/opt/hadoop/2.6.0/share/hadoop/mapreduce/lib/hamcrest-core-1.3.jar:/opt/hadoop/2.6.0/share/hadoop/mapreduce/lib/guice-servlet-3.0.jar:/opt/hadoop/2.6.0/share/hadoop/mapreduce/lib/netty-3.6.2.Final.jar:/opt/hadoop/2.6.0/share/hadoop/mapreduce/lib/protobuf-java-2.5.0.jar:/opt/hadoop/2.6.0/share/hadoop/mapreduce/lib/junit-4.11.jar:/opt/hadoop/2.6.0/share/hadoop/mapreduce/lib/jackson-mapper-asl-1.9.13.jar:/opt/hadoop/2.6.0/share/hadoop/mapreduce/lib/leveldbjni-all-1.8.jar:/opt/hadoop/2.6.0/share/hadoop/mapreduce/lib/paranamer-2.3.jar:/opt/hadoop/2.6.0/share/hadoop/mapreduce/lib/log4j-1.2.17.jar:/opt/hadoop/2.6.0/share/hadoop/mapreduce/lib/avro-1.7.4.jar:/opt/hadoop/2.6.0/share/hadoop/mapreduce/lib/xz-1.0.jar:/opt/hadoop/2.6.0/share/hadoop/mapreduce/lib/asm-3.2.jar:/opt/hadoop/2.6.0/share/hadoop/mapreduce/lib/guice-3.0.jar:/opt/hadoop/2.6.0/share/hadoop/mapreduce/lib/commons-io-2.4.jar:/opt/hadoop/2.6.0/share/hadoop/mapreduce/lib/jersey-guice-1.9.jar:/opt/hadoop/2.6.0/share/hadoop/mapreduce/hadoop-mapreduce-client-hs-plugins-2.6.0.jar:/opt/hadoop/2.6.0/share/hadoop/mapreduce/hadoop-mapreduce-client-hs-2.6.0.jar:/opt/hadoop/2.6.0/share/hadoop/mapreduce/hadoop-mapreduce-client-core-2.6.0.jar:/opt/hadoop/2.6.0/share/hadoop/mapreduce/hadoop-mapreduce-client-jobclient-2.6.0.jar:/opt/hadoop/2.6.0/share/hadoop/mapreduce/hadoop-mapreduce-examples-2.6.0.jar:/opt/hadoop/2.6.0/share/hadoop/mapreduce/hadoop-mapreduce-client-common-2.6.0.jar:/opt/hadoop/2.6.0/share/hadoop/mapreduce/hadoop-mapreduce-client-jobclient-2.6.0-tests.jar:/opt/hadoop/2.6.0/share/hadoop/mapreduce/hadoop-mapreduce-client-app-2.6.0.jar:/opt/hadoop/2.6.0/share/hadoop/mapreduce/hadoop-mapreduce-client-shuffle-2.6.0.jar:/opt/hadoop/2.6.0/contrib/capacity-scheduler/*.jar
STARTUP_MSG:   build = https://git-wip-us.apache.org/repos/asf/hadoop.git -r e3496499ecb8d220fba99dc5ed4c99c8f9e33bb1; compiled by 'jenkins' on 2014-11-13T21:10Z
STARTUP_MSG:   java = 1.8.0_212
************************************************************/
20/09/26 23:19:10 INFO namenode.NameNode: registered UNIX signal handlers for [TERM, HUP, INT]
20/09/26 23:19:10 INFO namenode.NameNode: createNameNode [-format]
20/09/26 23:19:10 WARN common.Util: Path /scratch/rxp9170/36122357/namenode_data should be specified as a URI in configuration files. Please update hdfs configuration.
20/09/26 23:19:10 WARN common.Util: Path /scratch/rxp9170/36122357/namenode_data should be specified as a URI in configuration files. Please update hdfs configuration.
Formatting using clusterid: CID-1791953a-6cf0-4896-9f26-72818c5e7f96
20/09/26 23:19:10 INFO namenode.FSNamesystem: No KeyProvider found.
20/09/26 23:19:10 INFO namenode.FSNamesystem: fsLock is fair:true
20/09/26 23:19:10 INFO blockmanagement.DatanodeManager: dfs.block.invalidate.limit=1000
20/09/26 23:19:10 INFO blockmanagement.DatanodeManager: dfs.namenode.datanode.registration.ip-hostname-check=true
20/09/26 23:19:10 INFO blockmanagement.BlockManager: dfs.namenode.startup.delay.block.deletion.sec is set to 000:00:00:00.000
20/09/26 23:19:10 INFO blockmanagement.BlockManager: The block deletion will start around 2020 Sep 26 23:19:10
20/09/26 23:19:10 INFO util.GSet: Computing capacity for map BlocksMap
20/09/26 23:19:10 INFO util.GSet: VM type       = 64-bit
20/09/26 23:19:10 INFO util.GSet: 2.0% max memory 966.7 MB = 19.3 MB
20/09/26 23:19:10 INFO util.GSet: capacity      = 2^21 = 2097152 entries
20/09/26 23:19:11 INFO blockmanagement.BlockManager: dfs.block.access.token.enable=false
20/09/26 23:19:11 INFO blockmanagement.BlockManager: defaultReplication         = 3
20/09/26 23:19:11 INFO blockmanagement.BlockManager: maxReplication             = 512
20/09/26 23:19:11 INFO blockmanagement.BlockManager: minReplication             = 1
20/09/26 23:19:11 INFO blockmanagement.BlockManager: maxReplicationStreams      = 2
20/09/26 23:19:11 INFO blockmanagement.BlockManager: shouldCheckForEnoughRacks  = false
20/09/26 23:19:11 INFO blockmanagement.BlockManager: replicationRecheckInterval = 3000
20/09/26 23:19:11 INFO blockmanagement.BlockManager: encryptDataTransfer        = false
20/09/26 23:19:11 INFO blockmanagement.BlockManager: maxNumBlocksToLog          = 1000
20/09/26 23:19:11 INFO namenode.FSNamesystem: fsOwner             = rxp9170 (auth:SIMPLE)
20/09/26 23:19:11 INFO namenode.FSNamesystem: supergroup          = supergroup
20/09/26 23:19:11 INFO namenode.FSNamesystem: isPermissionEnabled = true
20/09/26 23:19:11 INFO namenode.FSNamesystem: HA Enabled: false
20/09/26 23:19:11 INFO namenode.FSNamesystem: Append Enabled: true
20/09/26 23:19:11 INFO util.GSet: Computing capacity for map INodeMap
20/09/26 23:19:11 INFO util.GSet: VM type       = 64-bit
20/09/26 23:19:11 INFO util.GSet: 1.0% max memory 966.7 MB = 9.7 MB
20/09/26 23:19:11 INFO util.GSet: capacity      = 2^20 = 1048576 entries
20/09/26 23:19:11 INFO namenode.NameNode: Caching file names occuring more than 10 times
20/09/26 23:19:11 INFO util.GSet: Computing capacity for map cachedBlocks
20/09/26 23:19:11 INFO util.GSet: VM type       = 64-bit
20/09/26 23:19:11 INFO util.GSet: 0.25% max memory 966.7 MB = 2.4 MB
20/09/26 23:19:11 INFO util.GSet: capacity      = 2^18 = 262144 entries
20/09/26 23:19:11 INFO namenode.FSNamesystem: dfs.namenode.safemode.threshold-pct = 0.9990000128746033
20/09/26 23:19:11 INFO namenode.FSNamesystem: dfs.namenode.safemode.min.datanodes = 0
20/09/26 23:19:11 INFO namenode.FSNamesystem: dfs.namenode.safemode.extension     = 30000
20/09/26 23:19:11 INFO namenode.FSNamesystem: Retry cache on namenode is enabled
20/09/26 23:19:11 INFO namenode.FSNamesystem: Retry cache will use 0.03 of total heap and retry cache entry expiry time is 600000 millis
20/09/26 23:19:11 INFO util.GSet: Computing capacity for map NameNodeRetryCache
20/09/26 23:19:11 INFO util.GSet: VM type       = 64-bit
20/09/26 23:19:11 INFO util.GSet: 0.029999999329447746% max memory 966.7 MB = 297.0 KB
20/09/26 23:19:11 INFO util.GSet: capacity      = 2^15 = 32768 entries
20/09/26 23:19:11 INFO namenode.NNConf: ACLs enabled? false
20/09/26 23:19:11 INFO namenode.NNConf: XAttrs enabled? true
20/09/26 23:19:11 INFO namenode.NNConf: Maximum size of an xattr: 16384
20/09/26 23:19:11 INFO namenode.FSImage: Allocated new BlockPoolId: BP-2105419479-198.202.114.231-1601187551205
20/09/26 23:19:11 INFO common.Storage: Storage directory /scratch/rxp9170/36122357/namenode_data has been successfully formatted.
20/09/26 23:19:11 INFO namenode.NNStorageRetentionManager: Going to retain 1 images with txid >= 0
20/09/26 23:19:11 INFO util.ExitUtil: Exiting with status 0
20/09/26 23:19:11 INFO namenode.NameNode: SHUTDOWN_MSG: 
/************************************************************
SHUTDOWN_MSG: Shutting down NameNode at comet-14-02.sdsc.edu/198.202.114.231
************************************************************/
Starting namenodes on [comet-14-02.ibnet]
comet-14-02.ibnet: starting namenode, logging to /scratch/rxp9170/36122357/logs/hadoop-rxp9170-namenode-comet-14-02.sdsc.edu.out
comet-14-02.ibnet: starting datanode, logging to /scratch/rxp9170/36122357/logs/hadoop-rxp9170-datanode-comet-14-02.sdsc.edu.out
comet-14-03.ibnet: starting datanode, logging to /scratch/rxp9170/36122357/logs/hadoop-rxp9170-datanode-comet-14-03.sdsc.edu.out
Starting secondary namenodes [comet-14-02.ibnet]
comet-14-02.ibnet: starting secondarynamenode, logging to /scratch/rxp9170/36122357/logs/hadoop-rxp9170-secondarynamenode-comet-14-02.sdsc.edu.out
starting yarn daemons
starting resourcemanager, logging to /scratch/rxp9170/36122357/logs/yarn-rxp9170-resourcemanager-comet-14-02.out
comet-14-03.ibnet: starting nodemanager, logging to /scratch/rxp9170/36122357/logs/yarn-rxp9170-nodemanager-comet-14-03.sdsc.edu.out
comet-14-02.ibnet: starting nodemanager, logging to /scratch/rxp9170/36122357/logs/yarn-rxp9170-nodemanager-comet-14-02.sdsc.edu.out
20/09/26 23:19:43 INFO client.RMProxy: Connecting to ResourceManager at comet-14-02.ibnet/10.22.252.157:8032
20/09/26 23:19:44 WARN mapreduce.JobSubmitter: Hadoop command-line option parsing not performed. Implement the Tool interface and execute your application with ToolRunner to remedy this.
20/09/26 23:19:44 INFO input.FileInputFormat: Total input paths to process : 1
20/09/26 23:19:44 INFO mapreduce.JobSubmitter: number of splits:1
20/09/26 23:19:44 INFO mapreduce.JobSubmitter: Submitting tokens for job: job_1601187573142_0001
20/09/26 23:19:45 INFO impl.YarnClientImpl: Submitted application application_1601187573142_0001
20/09/26 23:19:45 INFO mapreduce.Job: The url to track the job: http://comet-14-02.ibnet:8088/proxy/application_1601187573142_0001/
20/09/26 23:19:45 INFO mapreduce.Job: Running job: job_1601187573142_0001
20/09/26 23:19:50 INFO mapreduce.Job: Job job_1601187573142_0001 running in uber mode : false
20/09/26 23:19:50 INFO mapreduce.Job:  map 0% reduce 0%
20/09/26 23:19:59 INFO mapreduce.Job:  map 2% reduce 0%
20/09/26 23:20:02 INFO mapreduce.Job:  map 3% reduce 0%
20/09/26 23:20:05 INFO mapreduce.Job:  map 4% reduce 0%
20/09/26 23:20:08 INFO mapreduce.Job:  map 5% reduce 0%
20/09/26 23:20:11 INFO mapreduce.Job:  map 7% reduce 0%
20/09/26 23:20:15 INFO mapreduce.Job:  map 8% reduce 0%
20/09/26 23:20:18 INFO mapreduce.Job:  map 9% reduce 0%
20/09/26 23:20:21 INFO mapreduce.Job:  map 10% reduce 0%
20/09/26 23:20:24 INFO mapreduce.Job:  map 11% reduce 0%
20/09/26 23:20:27 INFO mapreduce.Job:  map 12% reduce 0%
20/09/26 23:20:30 INFO mapreduce.Job:  map 13% reduce 0%
20/09/26 23:20:33 INFO mapreduce.Job:  map 14% reduce 0%
20/09/26 23:20:36 INFO mapreduce.Job:  map 15% reduce 0%
20/09/26 23:20:39 INFO mapreduce.Job:  map 17% reduce 0%
20/09/26 23:20:42 INFO mapreduce.Job:  map 18% reduce 0%
20/09/26 23:20:45 INFO mapreduce.Job:  map 19% reduce 0%
20/09/26 23:20:48 INFO mapreduce.Job:  map 20% reduce 0%
20/09/26 23:20:51 INFO mapreduce.Job:  map 21% reduce 0%
20/09/26 23:20:54 INFO mapreduce.Job:  map 22% reduce 0%
20/09/26 23:20:57 INFO mapreduce.Job:  map 23% reduce 0%
20/09/26 23:21:00 INFO mapreduce.Job:  map 24% reduce 0%
20/09/26 23:21:03 INFO mapreduce.Job:  map 25% reduce 0%
20/09/26 23:21:06 INFO mapreduce.Job:  map 27% reduce 0%
20/09/26 23:21:09 INFO mapreduce.Job:  map 28% reduce 0%
20/09/26 23:21:12 INFO mapreduce.Job:  map 29% reduce 0%
20/09/26 23:21:15 INFO mapreduce.Job:  map 30% reduce 0%
20/09/26 23:21:18 INFO mapreduce.Job:  map 31% reduce 0%
20/09/26 23:21:21 INFO mapreduce.Job:  map 32% reduce 0%
20/09/26 23:21:24 INFO mapreduce.Job:  map 33% reduce 0%
20/09/26 23:21:27 INFO mapreduce.Job:  map 34% reduce 0%
20/09/26 23:21:30 INFO mapreduce.Job:  map 35% reduce 0%
20/09/26 23:21:33 INFO mapreduce.Job:  map 37% reduce 0%
20/09/26 23:21:36 INFO mapreduce.Job:  map 38% reduce 0%
20/09/26 23:21:39 INFO mapreduce.Job:  map 39% reduce 0%
20/09/26 23:21:42 INFO mapreduce.Job:  map 40% reduce 0%
20/09/26 23:21:45 INFO mapreduce.Job:  map 41% reduce 0%
20/09/26 23:21:48 INFO mapreduce.Job:  map 42% reduce 0%
20/09/26 23:21:51 INFO mapreduce.Job:  map 43% reduce 0%
20/09/26 23:21:54 INFO mapreduce.Job:  map 44% reduce 0%
20/09/26 23:21:57 INFO mapreduce.Job:  map 45% reduce 0%
20/09/26 23:22:00 INFO mapreduce.Job:  map 46% reduce 0%
20/09/26 23:22:03 INFO mapreduce.Job:  map 47% reduce 0%
20/09/26 23:22:06 INFO mapreduce.Job:  map 48% reduce 0%
20/09/26 23:22:09 INFO mapreduce.Job:  map 49% reduce 0%
20/09/26 23:22:12 INFO mapreduce.Job:  map 50% reduce 0%
20/09/26 23:22:15 INFO mapreduce.Job:  map 52% reduce 0%
20/09/26 23:22:18 INFO mapreduce.Job:  map 53% reduce 0%
20/09/26 23:22:22 INFO mapreduce.Job:  map 54% reduce 0%
20/09/26 23:22:25 INFO mapreduce.Job:  map 55% reduce 0%
20/09/26 23:22:28 INFO mapreduce.Job:  map 56% reduce 0%
20/09/26 23:22:31 INFO mapreduce.Job:  map 57% reduce 0%
20/09/26 23:22:34 INFO mapreduce.Job:  map 58% reduce 0%
20/09/26 23:22:37 INFO mapreduce.Job:  map 59% reduce 0%
20/09/26 23:22:40 INFO mapreduce.Job:  map 61% reduce 0%
20/09/26 23:22:43 INFO mapreduce.Job:  map 62% reduce 0%
20/09/26 23:22:46 INFO mapreduce.Job:  map 63% reduce 0%
20/09/26 23:22:49 INFO mapreduce.Job:  map 64% reduce 0%
20/09/26 23:22:52 INFO mapreduce.Job:  map 65% reduce 0%
20/09/26 23:22:55 INFO mapreduce.Job:  map 66% reduce 0%
20/09/26 23:22:58 INFO mapreduce.Job:  map 67% reduce 0%
20/09/26 23:23:01 INFO mapreduce.Job:  map 73% reduce 0%
20/09/26 23:23:04 INFO mapreduce.Job:  map 94% reduce 0%
20/09/26 23:23:05 INFO mapreduce.Job:  map 100% reduce 0%
20/09/26 23:23:15 INFO mapreduce.Job:  map 100% reduce 100%
20/09/26 23:23:15 INFO mapreduce.Job: Job job_1601187573142_0001 completed successfully
20/09/26 23:23:15 INFO mapreduce.Job: Counters: 49
	File System Counters
		FILE: Number of bytes read=360000030
		FILE: Number of bytes written=541618139
		FILE: Number of read operations=0
		FILE: Number of large read operations=0
		FILE: Number of write operations=0
		HDFS: Number of bytes read=140791978
		HDFS: Number of bytes written=5058757
		HDFS: Number of read operations=6
		HDFS: Number of large read operations=0
		HDFS: Number of write operations=2
	Job Counters 
		Launched map tasks=1
		Launched reduce tasks=1
		Data-local map tasks=1
		Total time spent by all maps in occupied slots (ms)=193321
		Total time spent by all reduces in occupied slots (ms)=6935
		Total time spent by all map tasks (ms)=193321
		Total time spent by all reduce tasks (ms)=6935
		Total vcore-seconds taken by all map tasks=193321
		Total vcore-seconds taken by all reduce tasks=6935
		Total megabyte-seconds taken by all map tasks=197960704
		Total megabyte-seconds taken by all reduce tasks=7101440
	Map-Reduce Framework
		Map input records=10000000
		Map output records=10000000
		Map output bytes=160000000
		Map output materialized bytes=180000006
		Input split bytes=124
		Combine input records=0
		Combine output records=0
		Reduce input groups=519797
		Reduce shuffle bytes=180000006
		Reduce input records=10000000
		Reduce output records=519797
		Spilled Records=30000000
		Shuffled Maps =1
		Failed Shuffles=0
		Merged Map outputs=1
		GC time elapsed (ms)=5062
		CPU time spent (ms)=252800
		Physical memory (bytes) snapshot=473870336
		Virtual memory (bytes) snapshot=4424351744
		Total committed heap usage (bytes)=348127232
	Shuffle Errors
		BAD_ID=0
		CONNECTION=0
		IO_ERROR=0
		WRONG_LENGTH=0
		WRONG_MAP=0
		WRONG_REDUCE=0
	File Input Format Counters 
		Bytes Read=140791854
	File Output Format Counters 
		Bytes Written=5058757
20/09/26 23:23:15 INFO client.RMProxy: Connecting to ResourceManager at comet-14-02.ibnet/10.22.252.157:8032
20/09/26 23:23:16 WARN mapreduce.JobSubmitter: Hadoop command-line option parsing not performed. Implement the Tool interface and execute your application with ToolRunner to remedy this.
20/09/26 23:23:16 INFO input.FileInputFormat: Total input paths to process : 1
20/09/26 23:23:16 INFO mapreduce.JobSubmitter: number of splits:1
20/09/26 23:23:16 INFO mapreduce.JobSubmitter: Submitting tokens for job: job_1601187573142_0002
20/09/26 23:23:16 INFO impl.YarnClientImpl: Submitted application application_1601187573142_0002
20/09/26 23:23:16 INFO mapreduce.Job: The url to track the job: http://comet-14-02.ibnet:8088/proxy/application_1601187573142_0002/
20/09/26 23:23:16 INFO mapreduce.Job: Running job: job_1601187573142_0002
20/09/26 23:23:21 INFO mapreduce.Job: Job job_1601187573142_0002 running in uber mode : false
20/09/26 23:23:21 INFO mapreduce.Job:  map 0% reduce 0%
20/09/26 23:23:30 INFO mapreduce.Job:  map 40% reduce 0%
20/09/26 23:23:33 INFO mapreduce.Job:  map 62% reduce 0%
20/09/26 23:23:34 INFO mapreduce.Job:  map 100% reduce 0%
20/09/26 23:23:39 INFO mapreduce.Job:  map 100% reduce 100%
20/09/26 23:23:39 INFO mapreduce.Job: Job job_1601187573142_0002 completed successfully
20/09/26 23:23:39 INFO mapreduce.Job: Counters: 49
	File System Counters
		FILE: Number of bytes read=9356352
		FILE: Number of bytes written=18924529
		FILE: Number of read operations=0
		FILE: Number of large read operations=0
		FILE: Number of write operations=0
		HDFS: Number of bytes read=5058883
		HDFS: Number of bytes written=2017
		HDFS: Number of read operations=6
		HDFS: Number of large read operations=0
		HDFS: Number of write operations=2
	Job Counters 
		Launched map tasks=1
		Launched reduce tasks=1
		Data-local map tasks=1
		Total time spent by all maps in occupied slots (ms)=11636
		Total time spent by all reduces in occupied slots (ms)=2305
		Total time spent by all map tasks (ms)=11636
		Total time spent by all reduce tasks (ms)=2305
		Total vcore-seconds taken by all map tasks=11636
		Total vcore-seconds taken by all reduce tasks=2305
		Total megabyte-seconds taken by all map tasks=11915264
		Total megabyte-seconds taken by all reduce tasks=2360320
	Map-Reduce Framework
		Map input records=519797
		Map output records=519797
		Map output bytes=8316752
		Map output materialized bytes=9356352
		Input split bytes=126
		Combine input records=0
		Combine output records=0
		Reduce input groups=291
		Reduce shuffle bytes=9356352
		Reduce input records=519797
		Reduce output records=291
		Spilled Records=1039594
		Shuffled Maps =1
		Failed Shuffles=0
		Merged Map outputs=1
		GC time elapsed (ms)=373
		CPU time spent (ms)=16020
		Physical memory (bytes) snapshot=497483776
		Virtual memory (bytes) snapshot=4430581760
		Total committed heap usage (bytes)=348127232
	Shuffle Errors
		BAD_ID=0
		CONNECTION=0
		IO_ERROR=0
		WRONG_LENGTH=0
		WRONG_MAP=0
		WRONG_REDUCE=0
	File Input Format Counters 
		Bytes Read=5058757
	File Output Format Counters 
		Bytes Written=2017
stopping yarn daemons
stopping resourcemanager
comet-14-03.ibnet: stopping nodemanager
comet-14-03.ibnet: nodemanager did not stop gracefully after 5 seconds: killing with kill -9
comet-14-02.ibnet: stopping nodemanager
comet-14-02.ibnet: nodemanager did not stop gracefully after 5 seconds: killing with kill -9
no proxyserver to stop
Stopping namenodes on [comet-14-02.ibnet]
comet-14-02.ibnet: stopping namenode
comet-14-03.ibnet: stopping datanode
comet-14-02.ibnet: stopping datanode
Stopping secondary namenodes [comet-14-02.ibnet]
comet-14-02.ibnet: stopping secondarynamenode
Copying Hadoop logs back to /home/rxp9170/cometcluster/logs...
‘/scratch/rxp9170/36122357/logs’ -> ‘/home/rxp9170/cometcluster/logs’
‘/scratch/rxp9170/36122357/logs/hadoop-rxp9170-secondarynamenode-comet-14-02.sdsc.edu.out’ -> ‘/home/rxp9170/cometcluster/logs/hadoop-rxp9170-secondarynamenode-comet-14-02.sdsc.edu.out’
‘/scratch/rxp9170/36122357/logs/yarn-rxp9170-nodemanager-comet-14-02.sdsc.edu.log’ -> ‘/home/rxp9170/cometcluster/logs/yarn-rxp9170-nodemanager-comet-14-02.sdsc.edu.log’
‘/scratch/rxp9170/36122357/logs/hadoop-rxp9170-datanode-comet-14-02.sdsc.edu.out’ -> ‘/home/rxp9170/cometcluster/logs/hadoop-rxp9170-datanode-comet-14-02.sdsc.edu.out’
‘/scratch/rxp9170/36122357/logs/userlogs’ -> ‘/home/rxp9170/cometcluster/logs/userlogs’
‘/scratch/rxp9170/36122357/logs/userlogs/application_1601187573142_0002’ -> ‘/home/rxp9170/cometcluster/logs/userlogs/application_1601187573142_0002’
‘/scratch/rxp9170/36122357/logs/userlogs/application_1601187573142_0002/container_1601187573142_0002_01_000001’ -> ‘/home/rxp9170/cometcluster/logs/userlogs/application_1601187573142_0002/container_1601187573142_0002_01_000001’
‘/scratch/rxp9170/36122357/logs/userlogs/application_1601187573142_0002/container_1601187573142_0002_01_000001/stdout’ -> ‘/home/rxp9170/cometcluster/logs/userlogs/application_1601187573142_0002/container_1601187573142_0002_01_000001/stdout’
‘/scratch/rxp9170/36122357/logs/userlogs/application_1601187573142_0002/container_1601187573142_0002_01_000001/syslog’ -> ‘/home/rxp9170/cometcluster/logs/userlogs/application_1601187573142_0002/container_1601187573142_0002_01_000001/syslog’
‘/scratch/rxp9170/36122357/logs/userlogs/application_1601187573142_0002/container_1601187573142_0002_01_000001/stderr’ -> ‘/home/rxp9170/cometcluster/logs/userlogs/application_1601187573142_0002/container_1601187573142_0002_01_000001/stderr’
‘/scratch/rxp9170/36122357/logs/hadoop-rxp9170-namenode-comet-14-02.sdsc.edu.out’ -> ‘/home/rxp9170/cometcluster/logs/hadoop-rxp9170-namenode-comet-14-02.sdsc.edu.out’
‘/scratch/rxp9170/36122357/logs/yarn-rxp9170-resourcemanager-comet-14-02.log’ -> ‘/home/rxp9170/cometcluster/logs/yarn-rxp9170-resourcemanager-comet-14-02.log’
‘/scratch/rxp9170/36122357/logs/hadoop-rxp9170-namenode-comet-14-02.sdsc.edu.log’ -> ‘/home/rxp9170/cometcluster/logs/hadoop-rxp9170-namenode-comet-14-02.sdsc.edu.log’
‘/scratch/rxp9170/36122357/logs/yarn-rxp9170-resourcemanager-comet-14-02.out’ -> ‘/home/rxp9170/cometcluster/logs/yarn-rxp9170-resourcemanager-comet-14-02.out’
‘/scratch/rxp9170/36122357/logs/hadoop-rxp9170-datanode-comet-14-02.sdsc.edu.log’ -> ‘/home/rxp9170/cometcluster/logs/hadoop-rxp9170-datanode-comet-14-02.sdsc.edu.log’
‘/scratch/rxp9170/36122357/logs/SecurityAuth-rxp9170.audit’ -> ‘/home/rxp9170/cometcluster/logs/SecurityAuth-rxp9170.audit’
‘/scratch/rxp9170/36122357/logs/hadoop-rxp9170-secondarynamenode-comet-14-02.sdsc.edu.log’ -> ‘/home/rxp9170/cometcluster/logs/hadoop-rxp9170-secondarynamenode-comet-14-02.sdsc.edu.log’
‘/scratch/rxp9170/36122357/logs/yarn-rxp9170-nodemanager-comet-14-02.sdsc.edu.out’ -> ‘/home/rxp9170/cometcluster/logs/yarn-rxp9170-nodemanager-comet-14-02.sdsc.edu.out’
removed directory: ‘/scratch/rxp9170/36122357/mapred_scratch/filecache’
removed directory: ‘/scratch/rxp9170/36122357/mapred_scratch/usercache/rxp9170/appcache’
removed directory: ‘/scratch/rxp9170/36122357/mapred_scratch/usercache/rxp9170/filecache’
removed directory: ‘/scratch/rxp9170/36122357/mapred_scratch/usercache/rxp9170’
removed directory: ‘/scratch/rxp9170/36122357/mapred_scratch/usercache’
removed directory: ‘/scratch/rxp9170/36122357/mapred_scratch/nmPrivate’
removed directory: ‘/scratch/rxp9170/36122357/mapred_scratch’
removed ‘/scratch/rxp9170/36122357/tmp/dfs/namesecondary/current/fsimage_0000000000000000060’
removed ‘/scratch/rxp9170/36122357/tmp/dfs/namesecondary/current/VERSION’
removed ‘/scratch/rxp9170/36122357/tmp/dfs/namesecondary/current/fsimage_0000000000000000000.md5’
removed ‘/scratch/rxp9170/36122357/tmp/dfs/namesecondary/current/fsimage_0000000000000000000’
removed ‘/scratch/rxp9170/36122357/tmp/dfs/namesecondary/current/edits_0000000000000000001-0000000000000000060’
removed ‘/scratch/rxp9170/36122357/tmp/dfs/namesecondary/current/fsimage_0000000000000000060.md5’
removed directory: ‘/scratch/rxp9170/36122357/tmp/dfs/namesecondary/current’
removed directory: ‘/scratch/rxp9170/36122357/tmp/dfs/namesecondary’
removed directory: ‘/scratch/rxp9170/36122357/tmp/dfs’
removed directory: ‘/scratch/rxp9170/36122357/tmp’
removed ‘/scratch/rxp9170/36122357/namenode_data/current/fsimage_0000000000000000000.md5’
removed ‘/scratch/rxp9170/36122357/namenode_data/current/seen_txid’
removed ‘/scratch/rxp9170/36122357/namenode_data/current/edits_inprogress_0000000000000000061’
removed ‘/scratch/rxp9170/36122357/namenode_data/current/fsimage_0000000000000000000’
removed ‘/scratch/rxp9170/36122357/namenode_data/current/fsimage_0000000000000000060’
removed ‘/scratch/rxp9170/36122357/namenode_data/current/edits_0000000000000000001-0000000000000000060’
removed ‘/scratch/rxp9170/36122357/namenode_data/current/VERSION’
removed ‘/scratch/rxp9170/36122357/namenode_data/current/fsimage_0000000000000000060.md5’
removed directory: ‘/scratch/rxp9170/36122357/namenode_data/current’
removed directory: ‘/scratch/rxp9170/36122357/namenode_data’
removed ‘/scratch/rxp9170/36122357/hdfs_data/current/VERSION’
removed ‘/scratch/rxp9170/36122357/hdfs_data/current/BP-2105419479-198.202.114.231-1601187551205/dncp_block_verification.log.curr’
removed ‘/scratch/rxp9170/36122357/hdfs_data/current/BP-2105419479-198.202.114.231-1601187551205/dncp_block_verification.log.prev’
removed ‘/scratch/rxp9170/36122357/hdfs_data/current/BP-2105419479-198.202.114.231-1601187551205/current/finalized/subdir0/subdir0/blk_1073741843_1019.meta’
removed ‘/scratch/rxp9170/36122357/hdfs_data/current/BP-2105419479-198.202.114.231-1601187551205/current/finalized/subdir0/subdir0/blk_1073741844_1020.meta’
removed ‘/scratch/rxp9170/36122357/hdfs_data/current/BP-2105419479-198.202.114.231-1601187551205/current/finalized/subdir0/subdir0/blk_1073741833_1009.meta’
removed ‘/scratch/rxp9170/36122357/hdfs_data/current/BP-2105419479-198.202.114.231-1601187551205/current/finalized/subdir0/subdir0/blk_1073741835_1011.meta’
removed ‘/scratch/rxp9170/36122357/hdfs_data/current/BP-2105419479-198.202.114.231-1601187551205/current/finalized/subdir0/subdir0/blk_1073741834_1010.meta’
removed ‘/scratch/rxp9170/36122357/hdfs_data/current/BP-2105419479-198.202.114.231-1601187551205/current/finalized/subdir0/subdir0/blk_1073741833’
removed ‘/scratch/rxp9170/36122357/hdfs_data/current/BP-2105419479-198.202.114.231-1601187551205/current/finalized/subdir0/subdir0/blk_1073741844’
removed ‘/scratch/rxp9170/36122357/hdfs_data/current/BP-2105419479-198.202.114.231-1601187551205/current/finalized/subdir0/subdir0/blk_1073741826_1002.meta’
removed ‘/scratch/rxp9170/36122357/hdfs_data/current/BP-2105419479-198.202.114.231-1601187551205/current/finalized/subdir0/subdir0/blk_1073741843’
removed ‘/scratch/rxp9170/36122357/hdfs_data/current/BP-2105419479-198.202.114.231-1601187551205/current/finalized/subdir0/subdir0/blk_1073741834’
removed ‘/scratch/rxp9170/36122357/hdfs_data/current/BP-2105419479-198.202.114.231-1601187551205/current/finalized/subdir0/subdir0/blk_1073741845_1021.meta’
removed ‘/scratch/rxp9170/36122357/hdfs_data/current/BP-2105419479-198.202.114.231-1601187551205/current/finalized/subdir0/subdir0/blk_1073741836’
removed ‘/scratch/rxp9170/36122357/hdfs_data/current/BP-2105419479-198.202.114.231-1601187551205/current/finalized/subdir0/subdir0/blk_1073741836_1012.meta’
removed ‘/scratch/rxp9170/36122357/hdfs_data/current/BP-2105419479-198.202.114.231-1601187551205/current/finalized/subdir0/subdir0/blk_1073741825’
removed ‘/scratch/rxp9170/36122357/hdfs_data/current/BP-2105419479-198.202.114.231-1601187551205/current/finalized/subdir0/subdir0/blk_1073741846’
removed ‘/scratch/rxp9170/36122357/hdfs_data/current/BP-2105419479-198.202.114.231-1601187551205/current/finalized/subdir0/subdir0/blk_1073741846_1022.meta’
removed ‘/scratch/rxp9170/36122357/hdfs_data/current/BP-2105419479-198.202.114.231-1601187551205/current/finalized/subdir0/subdir0/blk_1073741835’
removed ‘/scratch/rxp9170/36122357/hdfs_data/current/BP-2105419479-198.202.114.231-1601187551205/current/finalized/subdir0/subdir0/blk_1073741826’
removed ‘/scratch/rxp9170/36122357/hdfs_data/current/BP-2105419479-198.202.114.231-1601187551205/current/finalized/subdir0/subdir0/blk_1073741825_1001.meta’
removed ‘/scratch/rxp9170/36122357/hdfs_data/current/BP-2105419479-198.202.114.231-1601187551205/current/finalized/subdir0/subdir0/blk_1073741845’
removed directory: ‘/scratch/rxp9170/36122357/hdfs_data/current/BP-2105419479-198.202.114.231-1601187551205/current/finalized/subdir0/subdir0’
removed directory: ‘/scratch/rxp9170/36122357/hdfs_data/current/BP-2105419479-198.202.114.231-1601187551205/current/finalized/subdir0’
removed directory: ‘/scratch/rxp9170/36122357/hdfs_data/current/BP-2105419479-198.202.114.231-1601187551205/current/finalized’
removed ‘/scratch/rxp9170/36122357/hdfs_data/current/BP-2105419479-198.202.114.231-1601187551205/current/dfsUsed’
removed ‘/scratch/rxp9170/36122357/hdfs_data/current/BP-2105419479-198.202.114.231-1601187551205/current/VERSION’
removed directory: ‘/scratch/rxp9170/36122357/hdfs_data/current/BP-2105419479-198.202.114.231-1601187551205/current/rbw’
removed directory: ‘/scratch/rxp9170/36122357/hdfs_data/current/BP-2105419479-198.202.114.231-1601187551205/current’
removed directory: ‘/scratch/rxp9170/36122357/hdfs_data/current/BP-2105419479-198.202.114.231-1601187551205/tmp’
removed directory: ‘/scratch/rxp9170/36122357/hdfs_data/current/BP-2105419479-198.202.114.231-1601187551205’
removed directory: ‘/scratch/rxp9170/36122357/hdfs_data/current’
removed directory: ‘/scratch/rxp9170/36122357/hdfs_data’
removed directory: ‘/scratch/rxp9170/36122357/pids’
removed ‘/scratch/rxp9170/36122357/logs/hadoop-rxp9170-secondarynamenode-comet-14-02.sdsc.edu.out’
removed ‘/scratch/rxp9170/36122357/logs/yarn-rxp9170-nodemanager-comet-14-02.sdsc.edu.log’
removed ‘/scratch/rxp9170/36122357/logs/hadoop-rxp9170-datanode-comet-14-02.sdsc.edu.out’
removed ‘/scratch/rxp9170/36122357/logs/userlogs/application_1601187573142_0002/container_1601187573142_0002_01_000001/stdout’
removed ‘/scratch/rxp9170/36122357/logs/userlogs/application_1601187573142_0002/container_1601187573142_0002_01_000001/syslog’
removed ‘/scratch/rxp9170/36122357/logs/userlogs/application_1601187573142_0002/container_1601187573142_0002_01_000001/stderr’
removed directory: ‘/scratch/rxp9170/36122357/logs/userlogs/application_1601187573142_0002/container_1601187573142_0002_01_000001’
removed directory: ‘/scratch/rxp9170/36122357/logs/userlogs/application_1601187573142_0002’
removed directory: ‘/scratch/rxp9170/36122357/logs/userlogs’
removed ‘/scratch/rxp9170/36122357/logs/hadoop-rxp9170-namenode-comet-14-02.sdsc.edu.out’
removed ‘/scratch/rxp9170/36122357/logs/yarn-rxp9170-resourcemanager-comet-14-02.log’
removed ‘/scratch/rxp9170/36122357/logs/hadoop-rxp9170-namenode-comet-14-02.sdsc.edu.log’
removed ‘/scratch/rxp9170/36122357/logs/yarn-rxp9170-resourcemanager-comet-14-02.out’
removed ‘/scratch/rxp9170/36122357/logs/hadoop-rxp9170-datanode-comet-14-02.sdsc.edu.log’
removed ‘/scratch/rxp9170/36122357/logs/SecurityAuth-rxp9170.audit’
removed ‘/scratch/rxp9170/36122357/logs/hadoop-rxp9170-secondarynamenode-comet-14-02.sdsc.edu.log’
removed ‘/scratch/rxp9170/36122357/logs/yarn-rxp9170-nodemanager-comet-14-02.sdsc.edu.out’
removed directory: ‘/scratch/rxp9170/36122357/logs’
removed directory: ‘/scratch/rxp9170/36122357/mapred_scratch/nmPrivate’
removed directory: ‘/scratch/rxp9170/36122357/mapred_scratch/usercache/rxp9170/filecache’
removed directory: ‘/scratch/rxp9170/36122357/mapred_scratch/usercache/rxp9170/appcache’
removed directory: ‘/scratch/rxp9170/36122357/mapred_scratch/usercache/rxp9170’
removed directory: ‘/scratch/rxp9170/36122357/mapred_scratch/usercache’
removed directory: ‘/scratch/rxp9170/36122357/mapred_scratch/filecache’
removed directory: ‘/scratch/rxp9170/36122357/mapred_scratch’
removed ‘/scratch/rxp9170/36122357/hdfs_data/current/VERSION’
removed directory: ‘/scratch/rxp9170/36122357/hdfs_data/current/BP-2105419479-198.202.114.231-1601187551205/tmp’
removed ‘/scratch/rxp9170/36122357/hdfs_data/current/BP-2105419479-198.202.114.231-1601187551205/dncp_block_verification.log.curr’
removed directory: ‘/scratch/rxp9170/36122357/hdfs_data/current/BP-2105419479-198.202.114.231-1601187551205/current/rbw’
removed ‘/scratch/rxp9170/36122357/hdfs_data/current/BP-2105419479-198.202.114.231-1601187551205/current/finalized/subdir0/subdir0/blk_1073741843_1019.meta’
removed ‘/scratch/rxp9170/36122357/hdfs_data/current/BP-2105419479-198.202.114.231-1601187551205/current/finalized/subdir0/subdir0/blk_1073741833_1009.meta’
removed ‘/scratch/rxp9170/36122357/hdfs_data/current/BP-2105419479-198.202.114.231-1601187551205/current/finalized/subdir0/subdir0/blk_1073741844_1020.meta’
removed ‘/scratch/rxp9170/36122357/hdfs_data/current/BP-2105419479-198.202.114.231-1601187551205/current/finalized/subdir0/subdir0/blk_1073741835_1011.meta’
removed ‘/scratch/rxp9170/36122357/hdfs_data/current/BP-2105419479-198.202.114.231-1601187551205/current/finalized/subdir0/subdir0/blk_1073741833’
removed ‘/scratch/rxp9170/36122357/hdfs_data/current/BP-2105419479-198.202.114.231-1601187551205/current/finalized/subdir0/subdir0/blk_1073741844’
removed ‘/scratch/rxp9170/36122357/hdfs_data/current/BP-2105419479-198.202.114.231-1601187551205/current/finalized/subdir0/subdir0/blk_1073741834_1010.meta’
removed ‘/scratch/rxp9170/36122357/hdfs_data/current/BP-2105419479-198.202.114.231-1601187551205/current/finalized/subdir0/subdir0/blk_1073741826_1002.meta’
removed ‘/scratch/rxp9170/36122357/hdfs_data/current/BP-2105419479-198.202.114.231-1601187551205/current/finalized/subdir0/subdir0/blk_1073741845_1021.meta’
removed ‘/scratch/rxp9170/36122357/hdfs_data/current/BP-2105419479-198.202.114.231-1601187551205/current/finalized/subdir0/subdir0/blk_1073741843’
removed ‘/scratch/rxp9170/36122357/hdfs_data/current/BP-2105419479-198.202.114.231-1601187551205/current/finalized/subdir0/subdir0/blk_1073741834’
removed ‘/scratch/rxp9170/36122357/hdfs_data/current/BP-2105419479-198.202.114.231-1601187551205/current/finalized/subdir0/subdir0/blk_1073741836’
removed ‘/scratch/rxp9170/36122357/hdfs_data/current/BP-2105419479-198.202.114.231-1601187551205/current/finalized/subdir0/subdir0/blk_1073741836_1012.meta’
removed ‘/scratch/rxp9170/36122357/hdfs_data/current/BP-2105419479-198.202.114.231-1601187551205/current/finalized/subdir0/subdir0/blk_1073741825’
removed ‘/scratch/rxp9170/36122357/hdfs_data/current/BP-2105419479-198.202.114.231-1601187551205/current/finalized/subdir0/subdir0/blk_1073741846’
removed ‘/scratch/rxp9170/36122357/hdfs_data/current/BP-2105419479-198.202.114.231-1601187551205/current/finalized/subdir0/subdir0/blk_1073741835’
removed ‘/scratch/rxp9170/36122357/hdfs_data/current/BP-2105419479-198.202.114.231-1601187551205/current/finalized/subdir0/subdir0/blk_1073741846_1022.meta’
removed ‘/scratch/rxp9170/36122357/hdfs_data/current/BP-2105419479-198.202.114.231-1601187551205/current/finalized/subdir0/subdir0/blk_1073741826’
removed ‘/scratch/rxp9170/36122357/hdfs_data/current/BP-2105419479-198.202.114.231-1601187551205/current/finalized/subdir0/subdir0/blk_1073741825_1001.meta’
removed ‘/scratch/rxp9170/36122357/hdfs_data/current/BP-2105419479-198.202.114.231-1601187551205/current/finalized/subdir0/subdir0/blk_1073741845’
removed directory: ‘/scratch/rxp9170/36122357/hdfs_data/current/BP-2105419479-198.202.114.231-1601187551205/current/finalized/subdir0/subdir0’
removed directory: ‘/scratch/rxp9170/36122357/hdfs_data/current/BP-2105419479-198.202.114.231-1601187551205/current/finalized/subdir0’
removed directory: ‘/scratch/rxp9170/36122357/hdfs_data/current/BP-2105419479-198.202.114.231-1601187551205/current/finalized’
removed ‘/scratch/rxp9170/36122357/hdfs_data/current/BP-2105419479-198.202.114.231-1601187551205/current/dfsUsed’
removed ‘/scratch/rxp9170/36122357/hdfs_data/current/BP-2105419479-198.202.114.231-1601187551205/current/VERSION’
removed directory: ‘/scratch/rxp9170/36122357/hdfs_data/current/BP-2105419479-198.202.114.231-1601187551205/current’
removed ‘/scratch/rxp9170/36122357/hdfs_data/current/BP-2105419479-198.202.114.231-1601187551205/dncp_block_verification.log.prev’
removed directory: ‘/scratch/rxp9170/36122357/hdfs_data/current/BP-2105419479-198.202.114.231-1601187551205’
removed directory: ‘/scratch/rxp9170/36122357/hdfs_data/current’
removed directory: ‘/scratch/rxp9170/36122357/hdfs_data’
removed directory: ‘/scratch/rxp9170/36122357/pids’
removed ‘/scratch/rxp9170/36122357/logs/yarn-rxp9170-nodemanager-comet-14-03.sdsc.edu.log’
removed ‘/scratch/rxp9170/36122357/logs/hadoop-rxp9170-datanode-comet-14-03.sdsc.edu.out’
removed ‘/scratch/rxp9170/36122357/logs/SecurityAuth-rxp9170.audit’
removed ‘/scratch/rxp9170/36122357/logs/userlogs/application_1601187573142_0002/container_1601187573142_0002_01_000002/stderr’
removed ‘/scratch/rxp9170/36122357/logs/userlogs/application_1601187573142_0002/container_1601187573142_0002_01_000002/stdout’
removed ‘/scratch/rxp9170/36122357/logs/userlogs/application_1601187573142_0002/container_1601187573142_0002_01_000002/syslog’
removed directory: ‘/scratch/rxp9170/36122357/logs/userlogs/application_1601187573142_0002/container_1601187573142_0002_01_000002’
removed ‘/scratch/rxp9170/36122357/logs/userlogs/application_1601187573142_0002/container_1601187573142_0002_01_000003/syslog’
removed ‘/scratch/rxp9170/36122357/logs/userlogs/application_1601187573142_0002/container_1601187573142_0002_01_000003/stdout’
removed ‘/scratch/rxp9170/36122357/logs/userlogs/application_1601187573142_0002/container_1601187573142_0002_01_000003/stderr’
removed directory: ‘/scratch/rxp9170/36122357/logs/userlogs/application_1601187573142_0002/container_1601187573142_0002_01_000003’
removed directory: ‘/scratch/rxp9170/36122357/logs/userlogs/application_1601187573142_0002’
removed ‘/scratch/rxp9170/36122357/logs/userlogs/application_1601187573142_0001/container_1601187573142_0001_01_000003/syslog’
removed ‘/scratch/rxp9170/36122357/logs/userlogs/application_1601187573142_0001/container_1601187573142_0001_01_000003/stdout’
removed ‘/scratch/rxp9170/36122357/logs/userlogs/application_1601187573142_0001/container_1601187573142_0001_01_000003/stderr’
removed directory: ‘/scratch/rxp9170/36122357/logs/userlogs/application_1601187573142_0001/container_1601187573142_0001_01_000003’
removed ‘/scratch/rxp9170/36122357/logs/userlogs/application_1601187573142_0001/container_1601187573142_0001_01_000002/stdout’
removed ‘/scratch/rxp9170/36122357/logs/userlogs/application_1601187573142_0001/container_1601187573142_0001_01_000002/syslog’
removed ‘/scratch/rxp9170/36122357/logs/userlogs/application_1601187573142_0001/container_1601187573142_0001_01_000002/stderr’
removed directory: ‘/scratch/rxp9170/36122357/logs/userlogs/application_1601187573142_0001/container_1601187573142_0001_01_000002’
removed ‘/scratch/rxp9170/36122357/logs/userlogs/application_1601187573142_0001/container_1601187573142_0001_01_000001/syslog’
removed ‘/scratch/rxp9170/36122357/logs/userlogs/application_1601187573142_0001/container_1601187573142_0001_01_000001/stdout’
removed ‘/scratch/rxp9170/36122357/logs/userlogs/application_1601187573142_0001/container_1601187573142_0001_01_000001/stderr’
removed directory: ‘/scratch/rxp9170/36122357/logs/userlogs/application_1601187573142_0001/container_1601187573142_0001_01_000001’
removed directory: ‘/scratch/rxp9170/36122357/logs/userlogs/application_1601187573142_0001’
removed directory: ‘/scratch/rxp9170/36122357/logs/userlogs’
removed ‘/scratch/rxp9170/36122357/logs/hadoop-rxp9170-datanode-comet-14-03.sdsc.edu.log’
removed ‘/scratch/rxp9170/36122357/logs/yarn-rxp9170-nodemanager-comet-14-03.sdsc.edu.out’
removed directory: ‘/scratch/rxp9170/36122357/logs’
removed directory: ‘/tmp/Jetty_0_0_0_0_50070_hdfs____w2cu08_1039592666866297402/jsp’
removed directory: ‘/tmp/Jetty_0_0_0_0_50070_hdfs____w2cu08_1039592666866297402/.active’
removed directory: ‘/tmp/Jetty_0_0_0_0_50070_hdfs____w2cu08_1039592666866297402’
removed directory: ‘/tmp/Jetty_0_0_0_0_50075_datanode____hwtdwq_7197988755986310508/jsp’
removed directory: ‘/tmp/Jetty_0_0_0_0_50075_datanode____hwtdwq_7197988755986310508/.active’
removed directory: ‘/tmp/Jetty_0_0_0_0_50075_datanode____hwtdwq_7197988755986310508’
removed directory: ‘/tmp/Jetty_comet.14.02_ibnet_50090_secondary____.cwjvbq_5368320886968016485/jsp’
removed directory: ‘/tmp/Jetty_comet.14.02_ibnet_50090_secondary____.cwjvbq_5368320886968016485/.active’
removed directory: ‘/tmp/Jetty_comet.14.02_ibnet_50090_secondary____.cwjvbq_5368320886968016485’
